Using pre-set license
Built from '2021.1/staging' branch; Version is '2021.1.19f1 (5f5eb8bbdc25) revision 6250168'; Using compiler version '192528614'; Build Type 'Release'
OS: 'Windows 10 Home; OS build 19043.1288; Version 2009; 64bit' Language: 'en' Physical Memory: 15776 MB
BatchMode: 1, IsHumanControllingUs: 0, StartBugReporterOnCrash: 0, Is64bit: 1, IsPro: 0

COMMAND LINE ARGUMENTS:
C:\Program Files\Unity\Hub\Editor\2021.1.19f1\Editor\Unity.exe
-adb2
-batchMode
-noUpm
-name
AssetImportWorker0
-projectPath
C:/Users/joaqu/OneDrive/Desktop/Create with Code/Minifarm/Mini Farm
-logFile
Logs/AssetImportWorker0.log
-srvPort
50766
Successfully changed project path to: C:/Users/joaqu/OneDrive/Desktop/Create with Code/Minifarm/Mini Farm
C:/Users/joaqu/OneDrive/Desktop/Create with Code/Minifarm/Mini Farm
Using Asset Import Pipeline V2.
Refreshing native plugins compatible for Editor in 109.19 ms, found 4 plugins.
Preloading 0 native plugins for Editor in 0.00 ms.
Initialize engine version: 2021.1.19f1 (5f5eb8bbdc25)
[Subsystems] Discovering subsystems at path C:/Program Files/Unity/Hub/Editor/2021.1.19f1/Editor/Data/Resources/UnitySubsystems
[Subsystems] Discovering subsystems at path C:/Users/joaqu/OneDrive/Desktop/Create with Code/Minifarm/Mini Farm/Assets
GfxDevice: creating device client; threaded=0; jobified=0
Direct3D:
    Version:  Direct3D 11.0 [level 11.1]
    Renderer: NVIDIA GeForce RTX 3060 Laptop GPU (ID=0x2520)
    Vendor:   NVIDIA
    VRAM:     6023 MB
    Driver:   30.0.14.9613
Initialize mono
Mono path[0] = 'C:/Program Files/Unity/Hub/Editor/2021.1.19f1/Editor/Data/Managed'
Mono path[1] = 'C:/Program Files/Unity/Hub/Editor/2021.1.19f1/Editor/Data/MonoBleedingEdge/lib/mono/unityjit'
Mono config path = 'C:/Program Files/Unity/Hub/Editor/2021.1.19f1/Editor/Data/MonoBleedingEdge/etc'
Using monoOptions --debugger-agent=transport=dt_socket,embedding=1,server=y,suspend=n,address=127.0.0.1:56136
Begin MonoManager ReloadAssembly
Registering precompiled unity dll's ...
Register platform support module: C:/Program Files/Unity/Hub/Editor/2021.1.19f1/Editor/Data/PlaybackEngines/MacStandaloneSupport/UnityEditor.OSXStandalone.Extensions.dll
Register platform support module: C:/Program Files/Unity/Hub/Editor/2021.1.19f1/Editor/Data/PlaybackEngines/WindowsStandaloneSupport/UnityEditor.WindowsStandalone.Extensions.dll
Registered in 0.003440 seconds.
Native extension for WindowsStandalone target not found
Native extension for OSXStandalone target not found
Refreshing native plugins compatible for Editor in 105.11 ms, found 4 plugins.
Preloading 0 native plugins for Editor in 0.00 ms.
Mono: successfully reloaded assembly
- Completed reload, in  1.228 seconds
Domain Reload Profiling:
	ReloadAssembly (1228ms)
		BeginReloadAssembly (78ms)
			ExecutionOrderSort (0ms)
			DisableScriptedObjects (0ms)
			BackupInstance (0ms)
			ReleaseScriptingObjects (0ms)
			CreateAndSetChildDomain (1ms)
		EndReloadAssembly (478ms)
			LoadAssemblies (77ms)
			RebuildTransferFunctionScriptingTraits (0ms)
			SetupTypeCache (156ms)
			ReleaseScriptCaches (0ms)
			RebuildScriptCaches (25ms)
			SetupLoadedEditorAssemblies (247ms)
				LogAssemblyErrors (0ms)
				InitializePlatformSupportModulesInManaged (7ms)
				SetLoadedEditorAssemblies (0ms)
				RefreshPlugins (105ms)
				BeforeProcessingInitializeOnLoad (1ms)
				ProcessInitializeOnLoadAttributes (102ms)
				ProcessInitializeOnLoadMethodAttributes (31ms)
				AfterProcessingInitializeOnLoad (0ms)
				EditorAssembliesLoaded (0ms)
			ExecutionOrderSort2 (0ms)
			AwakeInstancesAfterBackupRestoration (0ms)
Platform modules already initialized, skipping
Registering precompiled user dll's ...
Registered in 0.011257 seconds.
Begin MonoManager ReloadAssembly
Symbol file LoadedFromMemory doesn't match image C:\Users\joaqu\OneDrive\Desktop\Create with Code\Minifarm\Mini Farm\Library\PackageCache\com.unity.visualscripting@1.6.1\Editor\VisualScripting.Core\Dependencies\YamlDotNet\Unity.VisualScripting.YamlDotNet.dll
Symbol file LoadedFromMemory doesn't match image C:\Users\joaqu\OneDrive\Desktop\Create with Code\Minifarm\Mini Farm\Library\PackageCache\com.unity.visualscripting@1.6.1\Editor\VisualScripting.Core\Dependencies\DotNetZip\Unity.VisualScripting.IonicZip.dll
Native extension for WindowsStandalone target not found
Native extension for OSXStandalone target not found
Refreshing native plugins compatible for Editor in 104.59 ms, found 4 plugins.
Preloading 0 native plugins for Editor in 0.00 ms.
Mono: successfully reloaded assembly
- Completed reload, in  1.296 seconds
Domain Reload Profiling:
	ReloadAssembly (1296ms)
		BeginReloadAssembly (160ms)
			ExecutionOrderSort (0ms)
			DisableScriptedObjects (5ms)
			BackupInstance (0ms)
			ReleaseScriptingObjects (0ms)
			CreateAndSetChildDomain (21ms)
		EndReloadAssembly (1074ms)
			LoadAssemblies (148ms)
			RebuildTransferFunctionScriptingTraits (0ms)
			SetupTypeCache (338ms)
			ReleaseScriptCaches (1ms)
			RebuildScriptCaches (50ms)
			SetupLoadedEditorAssemblies (465ms)
				LogAssemblyErrors (0ms)
				InitializePlatformSupportModulesInManaged (5ms)
				SetLoadedEditorAssemblies (0ms)
				RefreshPlugins (105ms)
				BeforeProcessingInitializeOnLoad (94ms)
				ProcessInitializeOnLoadAttributes (234ms)
				ProcessInitializeOnLoadMethodAttributes (20ms)
				AfterProcessingInitializeOnLoad (6ms)
				EditorAssembliesLoaded (0ms)
			ExecutionOrderSort2 (0ms)
			AwakeInstancesAfterBackupRestoration (7ms)
Platform modules already initialized, skipping
========================================================================
Worker process is ready to serve import requests
Launched and connected shader compiler UnityShaderCompiler.exe after 0.05 seconds
Refreshing native plugins compatible for Editor in 0.81 ms, found 4 plugins.
Preloading 0 native plugins for Editor in 0.00 ms.
Unloading 3678 Unused Serialized files (Serialized files now loaded: 0)
System memory in use before: 136.3 MB.
System memory in use after: 136.5 MB.

Unloading 30 unused Assets to reduce memory usage. Loaded Objects now: 4128.
Total: 3.693000 ms (FindLiveObjects: 0.308600 ms CreateObjectMapping: 0.110100 ms MarkObjects: 3.206700 ms  DeleteObjects: 0.066600 ms)

AssetImportParameters requested are different than current active one (requested -> active):
  custom:framework-win-MediaFoundation: 216162199b28c13a410421893ffa2e32 -> 
  custom:video-decoder-ogg-theora: a1e56fd34408186e4bbccfd4996cb3dc -> 
  custom:container-muxer-webm: aa71ff27fc2769a1b78a27578f13a17b -> 
  custom:container-demuxer-webm: 4f35f7cbe854078d1ac9338744f61a02 -> 
  custom:container-demuxer-ogg: 62fdf1f143b41e24485cea50d1cbac27 -> 
  custom:video-encoder-webm-vp8: eb34c28f22e8b96e1ab97ce403110664 -> 
  custom:video-codec-MediaFoundation-h265: 746d11721c4dcdbdad8f713fa42b33f4 -> 
  custom:video-decoder-webm-vp8: 9c59270c3fd7afecdb556c50c9e8de78 -> 
  custom:audio-decoder-ogg-vorbis: bf7c407c2cedff20999df2af8eb42d56 -> 
  custom:audio-encoder-webm-vorbis: bf7c407c2cedff20999df2af8eb42d56 -> 
========================================================================
Received Import Request.
  path: Assets/Resources/Palette/TileSet_Grass2_1.asset
  artifactKey: Guid(88826368a21a94f408797374fc2c6dfc) Importer(815301076,1909f56bfc062723c751e8b465ee728b)
Start importing Assets/Resources/Palette/TileSet_Grass2_1.asset using Guid(88826368a21a94f408797374fc2c6dfc) Importer(815301076,1909f56bfc062723c751e8b465ee728b)  -> (artifact id: '1febd7df831ee51e9f45b24ab72ebf02') in 0.136003 seconds 
========================================================================
Received Import Request.
  Time since last request: 0.000169 seconds.
  path: Assets/Resources/Palette/TileSet_Grass2_8.asset
  artifactKey: Guid(879bc954ab4976349abbf28e8e1f94f0) Importer(815301076,1909f56bfc062723c751e8b465ee728b)
Start importing Assets/Resources/Palette/TileSet_Grass2_8.asset using Guid(879bc954ab4976349abbf28e8e1f94f0) Importer(815301076,1909f56bfc062723c751e8b465ee728b)  -> (artifact id: 'bc08f03a1f48e4f97fb6db3d486e1485') in 0.015246 seconds 
========================================================================
Received Import Request.
  Time since last request: 0.000163 seconds.
  path: Assets/Resources/Palette/TileSet_Grass2_5.asset
  artifactKey: Guid(b6e04acd286f2c34f82ae7d09992ebaf) Importer(815301076,1909f56bfc062723c751e8b465ee728b)
Start importing Assets/Resources/Palette/TileSet_Grass2_5.asset using Guid(b6e04acd286f2c34f82ae7d09992ebaf) Importer(815301076,1909f56bfc062723c751e8b465ee728b)  -> (artifact id: 'c7b15a2beb8240b608f9e754efa7f557') in 0.017763 seconds 
========================================================================
Received Import Request.
  Time since last request: 0.000211 seconds.
  path: Assets/Resources/Palette/TileSet_Grass2_4.asset
  artifactKey: Guid(6b70103d8e7c49d438cfb4f4ded61e8c) Importer(815301076,1909f56bfc062723c751e8b465ee728b)
Start importing Assets/Resources/Palette/TileSet_Grass2_4.asset using Guid(6b70103d8e7c49d438cfb4f4ded61e8c) Importer(815301076,1909f56bfc062723c751e8b465ee728b)  -> (artifact id: '658f374c1f99f5c7ddfc3fd05c145bc6') in 0.013246 seconds 
========================================================================
Received Import Request.
  Time since last request: 0.000170 seconds.
  path: Assets/Resources/Palette/TileSet_Grass2_6.asset
  artifactKey: Guid(65cfad56e80dc2c40b1078eaef182712) Importer(815301076,1909f56bfc062723c751e8b465ee728b)
Start importing Assets/Resources/Palette/TileSet_Grass2_6.asset using Guid(65cfad56e80dc2c40b1078eaef182712) Importer(815301076,1909f56bfc062723c751e8b465ee728b)  -> (artifact id: '893266c68edb5415dc54b1e25724c069') in 0.017539 seconds 
========================================================================
Received Import Request.
  Time since last request: 0.000190 seconds.
  path: Assets/Resources/Palette/TileSet_Grass2_7.asset
  artifactKey: Guid(18d09848ef9b1c846bb38122a513d19d) Importer(815301076,1909f56bfc062723c751e8b465ee728b)
Start importing Assets/Resources/Palette/TileSet_Grass2_7.asset using Guid(18d09848ef9b1c846bb38122a513d19d) Importer(815301076,1909f56bfc062723c751e8b465ee728b)  -> (artifact id: 'c4b6ed2a7b100efb9f9b9e481e599572') in 0.013265 seconds 
========================================================================
Received Import Request.
  Time since last request: 0.000188 seconds.
  path: Assets/Resources/Palette/TileSet_Grass2_3.asset
  artifactKey: Guid(2314ef2cc33c82e4e943a248f1bd4f47) Importer(815301076,1909f56bfc062723c751e8b465ee728b)
Start importing Assets/Resources/Palette/TileSet_Grass2_3.asset using Guid(2314ef2cc33c82e4e943a248f1bd4f47) Importer(815301076,1909f56bfc062723c751e8b465ee728b)  -> (artifact id: '962306b66ea9e657d763128aa2c01b09') in 0.011520 seconds 
========================================================================
Received Import Request.
  Time since last request: 0.000242 seconds.
  path: Assets/Resources/Palette/TileSet_Grass2_2.asset
  artifactKey: Guid(64870799f385f5245874a3c8ab4ee9d6) Importer(815301076,1909f56bfc062723c751e8b465ee728b)
Start importing Assets/Resources/Palette/TileSet_Grass2_2.asset using Guid(64870799f385f5245874a3c8ab4ee9d6) Importer(815301076,1909f56bfc062723c751e8b465ee728b)  -> (artifact id: 'f4f821d1591c83808398f4b336c943ae') in 0.014909 seconds 
========================================================================
Received Import Request.
  Time since last request: 0.000190 seconds.
  path: Assets/Resources/Palette/TileSet_Grass2_0.asset
  artifactKey: Guid(2e3cca254e6102c4980bb6755fe2d185) Importer(815301076,1909f56bfc062723c751e8b465ee728b)
Start importing Assets/Resources/Palette/TileSet_Grass2_0.asset using Guid(2e3cca254e6102c4980bb6755fe2d185) Importer(815301076,1909f56bfc062723c751e8b465ee728b)  -> (artifact id: '4ff6a23f375646a34cee53daaa92a2a1') in 0.011837 seconds 
========================================================================
Received Import Request.
  Time since last request: 0.000223 seconds.
  path: Assets/Resources/Palette/Ground Palette.prefab
  artifactKey: Guid(decd46aae26bfe244808d7e5d5eeb3e4) Importer(815301076,1909f56bfc062723c751e8b465ee728b)
Start importing Assets/Resources/Palette/Ground Palette.prefab using Guid(decd46aae26bfe244808d7e5d5eeb3e4) Importer(815301076,1909f56bfc062723c751e8b465ee728b)  -> (artifact id: '3b6c2f6a2bb1ac5b22e670f05ddba457') in 0.050074 seconds 
========================================================================
Received Import Request.
  Time since last request: 1.939102 seconds.
  path: Assets/Resources/Art/CharacterSprites/CharBase_BO_Left.png
  artifactKey: Guid(2a0766bec85b75b4497793604cdf40a0) Importer(815301076,1909f56bfc062723c751e8b465ee728b)
Start importing Assets/Resources/Art/CharacterSprites/CharBase_BO_Left.png using Guid(2a0766bec85b75b4497793604cdf40a0) Importer(815301076,1909f56bfc062723c751e8b465ee728b)  -> (artifact id: 'df10880e1317a6f4ef83c494d714194f') in 0.070209 seconds 
========================================================================
Received Import Request.
  Time since last request: 0.920926 seconds.
  path: Assets/Resources/Art/TileSprites/TileSet_Grass2.png
  artifactKey: Guid(e753b1b2e415713499b8ee53da16fcbb) Importer(815301076,1909f56bfc062723c751e8b465ee728b)
Start importing Assets/Resources/Art/TileSprites/TileSet_Grass2.png using Guid(e753b1b2e415713499b8ee53da16fcbb) Importer(815301076,1909f56bfc062723c751e8b465ee728b)  -> (artifact id: '36792ee3c187ce032a352c2e0630096b') in 0.023913 seconds 
AssetImportWorkerClient::OnTransportError - code=2 error=End of file
